
*** Running vivado
    with args -log top.vds -m64 -product Vivado -mode batch -messageDb vivado.pb -notrace -source top.tcl


****** Vivado v2022.2 (64-bit)
  **** SW Build 3671981 on Fri Oct 14 04:59:54 MDT 2022
  **** IP Build 3669848 on Fri Oct 14 08:30:02 MDT 2022
    ** Copyright 1986-2022 Xilinx, Inc. All Rights Reserved.

source top.tcl -notrace
Command: read_checkpoint -auto_incremental -incremental /home/alan/tutorial_projects/vivado/project_1/project_1.srcs/utils_1/imports/synth_1/top.dcp
INFO: [Vivado 12-5825] Read reference checkpoint from /home/alan/tutorial_projects/vivado/project_1/project_1.srcs/utils_1/imports/synth_1/top.dcp for incremental synthesis
INFO: [Vivado 12-7989] Please ensure there are no constraint changes
Command: synth_design -top top -part xc7z010clg400-1
Starting synth_design
Attempting to get a license for feature 'Synthesis' and/or device 'xc7z010'
INFO: [Common 17-349] Got license for feature 'Synthesis' and/or device 'xc7z010'
INFO: [Device 21-403] Loading part xc7z010clg400-1
INFO: [Designutils 20-5440] No compile time benefit to using incremental synthesis; A full resynthesis will be run
INFO: [Designutils 20-4379] Flow is switching to default flow due to incremental criteria not met. If you would like to alter this behaviour and have the flow terminate instead, please set the following parameter config_implementation {autoIncr.Synth.RejectBehavior Terminate}
INFO: [Synth 8-7079] Multithreading enabled for synth_design using a maximum of 4 processes.
INFO: [Synth 8-7078] Launching helper process for spawning children vivado processes
INFO: [Synth 8-7075] Helper process launched with PID 26499
INFO: [Synth 8-11241] undeclared symbol 'REGCCE', assumed default net type 'wire' [/home/alan/xilinx/Vivado/2022.2/data/verilog/src/unimacro/BRAM_SINGLE_MACRO.v:2170]
---------------------------------------------------------------------------------
Starting RTL Elaboration : Time (s): cpu = 00:00:02 ; elapsed = 00:00:02 . Memory (MB): peak = 2443.676 ; gain = 371.770 ; free physical = 45136 ; free virtual = 53880
Synthesis current peak Physical Memory [PSS] (MB): peak = 1796.020; parent = 1613.407; children = 182.612
Synthesis current peak Virtual Memory [VSS] (MB): peak = 3416.734; parent = 2443.680; children = 973.055
---------------------------------------------------------------------------------
INFO: [Synth 8-6157] synthesizing module 'top' [/home/alan/tutorial_projects/vivado/project_1/project_1.srcs/sources_1/new/top.v:23]
INFO: [Synth 8-6155] done synthesizing module 'top' (0#1) [/home/alan/tutorial_projects/vivado/project_1/project_1.srcs/sources_1/new/top.v:23]
---------------------------------------------------------------------------------
Finished RTL Elaboration : Time (s): cpu = 00:00:03 ; elapsed = 00:00:03 . Memory (MB): peak = 2510.645 ; gain = 438.738 ; free physical = 45232 ; free virtual = 53978
Synthesis current peak Physical Memory [PSS] (MB): peak = 1796.020; parent = 1613.407; children = 182.612
Synthesis current peak Virtual Memory [VSS] (MB): peak = 3483.703; parent = 2510.648; children = 973.055
---------------------------------------------------------------------------------
---------------------------------------------------------------------------------
Start Handling Custom Attributes
---------------------------------------------------------------------------------
---------------------------------------------------------------------------------
Finished Handling Custom Attributes : Time (s): cpu = 00:00:03 ; elapsed = 00:00:03 . Memory (MB): peak = 2528.457 ; gain = 456.551 ; free physical = 45233 ; free virtual = 53979
Synthesis current peak Physical Memory [PSS] (MB): peak = 1796.020; parent = 1613.407; children = 182.612
Synthesis current peak Virtual Memory [VSS] (MB): peak = 3501.516; parent = 2528.461; children = 973.055
---------------------------------------------------------------------------------
---------------------------------------------------------------------------------
Finished RTL Optimization Phase 1 : Time (s): cpu = 00:00:03 ; elapsed = 00:00:03 . Memory (MB): peak = 2528.457 ; gain = 456.551 ; free physical = 45233 ; free virtual = 53979
Synthesis current peak Physical Memory [PSS] (MB): peak = 1796.020; parent = 1613.407; children = 182.612
Synthesis current peak Virtual Memory [VSS] (MB): peak = 3501.516; parent = 2528.461; children = 973.055
---------------------------------------------------------------------------------
Netlist sorting complete. Time (s): cpu = 00:00:00 ; elapsed = 00:00:00 . Memory (MB): peak = 2528.457 ; gain = 0.000 ; free physical = 45229 ; free virtual = 53974
INFO: [Project 1-570] Preparing netlist for logic optimization

Processing XDC Constraints
Initializing timing engine
Parsing XDC File [/home/alan/tutorial_projects/vivado/project_1/project_1.srcs/constrs_1/new/top.xdc]
Finished Parsing XDC File [/home/alan/tutorial_projects/vivado/project_1/project_1.srcs/constrs_1/new/top.xdc]
INFO: [Project 1-236] Implementation specific constraints were found while reading constraint file [/home/alan/tutorial_projects/vivado/project_1/project_1.srcs/constrs_1/new/top.xdc]. These constraints will be ignored for synthesis but will be used in implementation. Impacted constraints are listed in the file [.Xil/top_propImpl.xdc].
Resolution: To avoid this warning, move constraints listed in [.Xil/top_propImpl.xdc] to another XDC file and exclude this new file from synthesis with the used_in_synthesis property (File Properties dialog in GUI) and re-run elaboration/synthesis.
Completed Processing XDC Constraints

Netlist sorting complete. Time (s): cpu = 00:00:00 ; elapsed = 00:00:00 . Memory (MB): peak = 2601.395 ; gain = 0.000 ; free physical = 45213 ; free virtual = 53958
INFO: [Project 1-111] Unisim Transformation Summary:
No Unisim elements were transformed.

Constraint Validation Runtime : Time (s): cpu = 00:00:00 ; elapsed = 00:00:00 . Memory (MB): peak = 2601.395 ; gain = 0.000 ; free physical = 45213 ; free virtual = 53958
INFO: [Designutils 20-5440] No compile time benefit to using incremental synthesis; A full resynthesis will be run
INFO: [Designutils 20-4379] Flow is switching to default flow due to incremental criteria not met. If you would like to alter this behaviour and have the flow terminate instead, please set the following parameter config_implementation {autoIncr.Synth.RejectBehavior Terminate}
INFO: [Synth 8-11241] undeclared symbol 'REGCCE', assumed default net type 'wire' [/home/alan/xilinx/Vivado/2022.2/data/verilog/src/unimacro/BRAM_SINGLE_MACRO.v:2170]
---------------------------------------------------------------------------------
Finished Constraint Validation : Time (s): cpu = 00:00:06 ; elapsed = 00:00:07 . Memory (MB): peak = 2601.395 ; gain = 529.488 ; free physical = 45280 ; free virtual = 54026
Synthesis current peak Physical Memory [PSS] (MB): peak = 1796.020; parent = 1613.407; children = 182.612
Synthesis current peak Virtual Memory [VSS] (MB): peak = 3542.438; parent = 2569.383; children = 973.055
---------------------------------------------------------------------------------
---------------------------------------------------------------------------------
Start Loading Part and Timing Information
---------------------------------------------------------------------------------
Loading part: xc7z010clg400-1
---------------------------------------------------------------------------------
Finished Loading Part and Timing Information : Time (s): cpu = 00:00:06 ; elapsed = 00:00:07 . Memory (MB): peak = 2601.395 ; gain = 529.488 ; free physical = 45279 ; free virtual = 54024
Synthesis current peak Physical Memory [PSS] (MB): peak = 1796.020; parent = 1613.407; children = 182.612
Synthesis current peak Virtual Memory [VSS] (MB): peak = 3542.438; parent = 2569.383; children = 973.055
---------------------------------------------------------------------------------
---------------------------------------------------------------------------------
Start Applying 'set_property' XDC Constraints
---------------------------------------------------------------------------------
---------------------------------------------------------------------------------
Finished applying 'set_property' XDC Constraints : Time (s): cpu = 00:00:06 ; elapsed = 00:00:07 . Memory (MB): peak = 2601.395 ; gain = 529.488 ; free physical = 45279 ; free virtual = 54024
Synthesis current peak Physical Memory [PSS] (MB): peak = 1796.020; parent = 1613.407; children = 182.612
Synthesis current peak Virtual Memory [VSS] (MB): peak = 3542.438; parent = 2569.383; children = 973.055
---------------------------------------------------------------------------------
---------------------------------------------------------------------------------
Finished RTL Optimization Phase 2 : Time (s): cpu = 00:00:06 ; elapsed = 00:00:07 . Memory (MB): peak = 2601.395 ; gain = 529.488 ; free physical = 45279 ; free virtual = 54026
Synthesis current peak Physical Memory [PSS] (MB): peak = 1796.020; parent = 1613.407; children = 182.612
Synthesis current peak Virtual Memory [VSS] (MB): peak = 3542.438; parent = 2569.383; children = 973.055
---------------------------------------------------------------------------------
---------------------------------------------------------------------------------
Start RTL Component Statistics 
---------------------------------------------------------------------------------
Detailed RTL Component Info : 
---------------------------------------------------------------------------------
Finished RTL Component Statistics 
---------------------------------------------------------------------------------
---------------------------------------------------------------------------------
Start Part Resource Summary
---------------------------------------------------------------------------------
Part Resources:
DSPs: 80 (col length:40)
BRAMs: 120 (col length: RAMB18 40 RAMB36 20)
---------------------------------------------------------------------------------
Finished Part Resource Summary
---------------------------------------------------------------------------------
---------------------------------------------------------------------------------
Start Cross Boundary and Area Optimization
---------------------------------------------------------------------------------
WARNING: [Synth 8-7080] Parallel synthesis criteria is not met
---------------------------------------------------------------------------------
Finished Cross Boundary and Area Optimization : Time (s): cpu = 00:00:07 ; elapsed = 00:00:08 . Memory (MB): peak = 2601.395 ; gain = 529.488 ; free physical = 45264 ; free virtual = 54014
Synthesis current peak Physical Memory [PSS] (MB): peak = 1796.020; parent = 1613.407; children = 182.612
Synthesis current peak Virtual Memory [VSS] (MB): peak = 3542.438; parent = 2569.383; children = 973.055
---------------------------------------------------------------------------------
---------------------------------------------------------------------------------
Start Applying XDC Timing Constraints
---------------------------------------------------------------------------------
---------------------------------------------------------------------------------
Finished Applying XDC Timing Constraints : Time (s): cpu = 00:00:10 ; elapsed = 00:00:10 . Memory (MB): peak = 2601.395 ; gain = 529.488 ; free physical = 45150 ; free virtual = 53900
Synthesis current peak Physical Memory [PSS] (MB): peak = 1873.978; parent = 1691.402; children = 182.612
Synthesis current peak Virtual Memory [VSS] (MB): peak = 3542.438; parent = 2569.383; children = 973.055
---------------------------------------------------------------------------------
---------------------------------------------------------------------------------
Start Timing Optimization
---------------------------------------------------------------------------------
---------------------------------------------------------------------------------
Finished Timing Optimization : Time (s): cpu = 00:00:10 ; elapsed = 00:00:10 . Memory (MB): peak = 2601.395 ; gain = 529.488 ; free physical = 45150 ; free virtual = 53900
Synthesis current peak Physical Memory [PSS] (MB): peak = 1874.106; parent = 1691.531; children = 182.612
Synthesis current peak Virtual Memory [VSS] (MB): peak = 3542.438; parent = 2569.383; children = 973.055
---------------------------------------------------------------------------------
---------------------------------------------------------------------------------
Start Technology Mapping
---------------------------------------------------------------------------------
---------------------------------------------------------------------------------
Finished Technology Mapping : Time (s): cpu = 00:00:10 ; elapsed = 00:00:10 . Memory (MB): peak = 2601.395 ; gain = 529.488 ; free physical = 45148 ; free virtual = 53898
Synthesis current peak Physical Memory [PSS] (MB): peak = 1874.513; parent = 1691.938; children = 182.612
Synthesis current peak Virtual Memory [VSS] (MB): peak = 3542.438; parent = 2569.383; children = 973.055
---------------------------------------------------------------------------------
---------------------------------------------------------------------------------
Start IO Insertion
---------------------------------------------------------------------------------
---------------------------------------------------------------------------------
Start Flattening Before IO Insertion
---------------------------------------------------------------------------------
---------------------------------------------------------------------------------
Finished Flattening Before IO Insertion
---------------------------------------------------------------------------------
---------------------------------------------------------------------------------
Start Final Netlist Cleanup
---------------------------------------------------------------------------------
---------------------------------------------------------------------------------
Finished Final Netlist Cleanup
---------------------------------------------------------------------------------
---------------------------------------------------------------------------------
Finished IO Insertion : Time (s): cpu = 00:00:12 ; elapsed = 00:00:13 . Memory (MB): peak = 2601.395 ; gain = 529.488 ; free physical = 45152 ; free virtual = 53902
Synthesis current peak Physical Memory [PSS] (MB): peak = 1874.712; parent = 1692.137; children = 182.612
Synthesis current peak Virtual Memory [VSS] (MB): peak = 3542.438; parent = 2569.383; children = 973.055
---------------------------------------------------------------------------------
---------------------------------------------------------------------------------
Start Renaming Generated Instances
---------------------------------------------------------------------------------
---------------------------------------------------------------------------------
Finished Renaming Generated Instances : Time (s): cpu = 00:00:12 ; elapsed = 00:00:13 . Memory (MB): peak = 2601.395 ; gain = 529.488 ; free physical = 45152 ; free virtual = 53902
Synthesis current peak Physical Memory [PSS] (MB): peak = 1874.728; parent = 1692.152; children = 182.612
Synthesis current peak Virtual Memory [VSS] (MB): peak = 3542.438; parent = 2569.383; children = 973.055
---------------------------------------------------------------------------------
---------------------------------------------------------------------------------
Start Rebuilding User Hierarchy
---------------------------------------------------------------------------------
---------------------------------------------------------------------------------
Finished Rebuilding User Hierarchy : Time (s): cpu = 00:00:12 ; elapsed = 00:00:13 . Memory (MB): peak = 2601.395 ; gain = 529.488 ; free physical = 45152 ; free virtual = 53902
Synthesis current peak Physical Memory [PSS] (MB): peak = 1874.743; parent = 1692.168; children = 182.612
Synthesis current peak Virtual Memory [VSS] (MB): peak = 3542.438; parent = 2569.383; children = 973.055
---------------------------------------------------------------------------------
---------------------------------------------------------------------------------
Start Renaming Generated Ports
---------------------------------------------------------------------------------
---------------------------------------------------------------------------------
Finished Renaming Generated Ports : Time (s): cpu = 00:00:12 ; elapsed = 00:00:13 . Memory (MB): peak = 2601.395 ; gain = 529.488 ; free physical = 45152 ; free virtual = 53902
Synthesis current peak Physical Memory [PSS] (MB): peak = 1874.806; parent = 1692.230; children = 182.612
Synthesis current peak Virtual Memory [VSS] (MB): peak = 3542.438; parent = 2569.383; children = 973.055
---------------------------------------------------------------------------------
---------------------------------------------------------------------------------
Start Handling Custom Attributes
---------------------------------------------------------------------------------
---------------------------------------------------------------------------------
Finished Handling Custom Attributes : Time (s): cpu = 00:00:12 ; elapsed = 00:00:13 . Memory (MB): peak = 2601.395 ; gain = 529.488 ; free physical = 45152 ; free virtual = 53902
Synthesis current peak Physical Memory [PSS] (MB): peak = 1874.821; parent = 1692.246; children = 182.612
Synthesis current peak Virtual Memory [VSS] (MB): peak = 3542.438; parent = 2569.383; children = 973.055
---------------------------------------------------------------------------------
---------------------------------------------------------------------------------
Start Renaming Generated Nets
---------------------------------------------------------------------------------
---------------------------------------------------------------------------------
Finished Renaming Generated Nets : Time (s): cpu = 00:00:12 ; elapsed = 00:00:13 . Memory (MB): peak = 2601.395 ; gain = 529.488 ; free physical = 45152 ; free virtual = 53902
Synthesis current peak Physical Memory [PSS] (MB): peak = 1874.837; parent = 1692.262; children = 182.612
Synthesis current peak Virtual Memory [VSS] (MB): peak = 3542.438; parent = 2569.383; children = 973.055
---------------------------------------------------------------------------------
---------------------------------------------------------------------------------
Start Writing Synthesis Report
---------------------------------------------------------------------------------

Report BlackBoxes: 
+-+--------------+----------+
| |BlackBox name |Instances |
+-+--------------+----------+
+-+--------------+----------+

Report Cell Usage: 
+------+-----+------+
|      |Cell |Count |
+------+-----+------+
|1     |LUT2 |     1|
|2     |IBUF |     2|
|3     |OBUF |     1|
+------+-----+------+
---------------------------------------------------------------------------------
Finished Writing Synthesis Report : Time (s): cpu = 00:00:12 ; elapsed = 00:00:13 . Memory (MB): peak = 2601.395 ; gain = 529.488 ; free physical = 45152 ; free virtual = 53902
Synthesis current peak Physical Memory [PSS] (MB): peak = 1874.853; parent = 1692.277; children = 182.612
Synthesis current peak Virtual Memory [VSS] (MB): peak = 3542.438; parent = 2569.383; children = 973.055
---------------------------------------------------------------------------------
Synthesis finished with 0 errors, 0 critical warnings and 1 warnings.
Synthesis Optimization Runtime : Time (s): cpu = 00:00:11 ; elapsed = 00:00:12 . Memory (MB): peak = 2601.395 ; gain = 456.551 ; free physical = 45205 ; free virtual = 53955
Synthesis Optimization Complete : Time (s): cpu = 00:00:12 ; elapsed = 00:00:13 . Memory (MB): peak = 2601.395 ; gain = 529.488 ; free physical = 45205 ; free virtual = 53955
INFO: [Project 1-571] Translating synthesized netlist
Netlist sorting complete. Time (s): cpu = 00:00:00 ; elapsed = 00:00:00 . Memory (MB): peak = 2601.395 ; gain = 0.000 ; free physical = 45317 ; free virtual = 54066
INFO: [Project 1-570] Preparing netlist for logic optimization
INFO: [Opt 31-138] Pushed 0 inverter(s) to 0 load pin(s).
Netlist sorting complete. Time (s): cpu = 00:00:00 ; elapsed = 00:00:00 . Memory (MB): peak = 2601.395 ; gain = 0.000 ; free physical = 45257 ; free virtual = 54007
INFO: [Project 1-111] Unisim Transformation Summary:
No Unisim elements were transformed.

Synth Design complete, checksum: 9fed4b19
INFO: [Common 17-83] Releasing license: Synthesis
23 Infos, 1 Warnings, 0 Critical Warnings and 0 Errors encountered.
synth_design completed successfully
synth_design: Time (s): cpu = 00:00:16 ; elapsed = 00:00:15 . Memory (MB): peak = 2601.395 ; gain = 842.824 ; free physical = 45459 ; free virtual = 54209
INFO: [Common 17-1381] The checkpoint '/home/alan/tutorial_projects/vivado/project_1/project_1.runs/synth_1/top.dcp' has been generated.
INFO: [runtcl-4] Executing : report_utilization -file top_utilization_synth.rpt -pb top_utilization_synth.pb
INFO: [Common 17-206] Exiting Vivado at Thu Jun 22 20:19:53 2023...
