Copyright 1986-2022 Xilinx, Inc. All Rights Reserved.
------------------------------------------------------------------------------------------------------------------------------------------------------------------------------------------------------------
| Tool Version : Vivado v.2022.2 (lin64) Build 3671981 Fri Oct 14 04:59:54 MDT 2022
| Date         : Sun Jul  9 15:21:44 2023
| Host         : Ubuntu-PC running 64-bit Ubuntu 22.04.2 LTS
| Command      : report_timing_summary -max_paths 10 -report_unconstrained -file adder_timing_summary_routed.rpt -pb adder_timing_summary_routed.pb -rpx adder_timing_summary_routed.rpx -warn_on_violation
| Design       : adder
| Device       : 7z010-clg400
| Speed File   : -1  PRODUCTION 1.12 2019-11-22
------------------------------------------------------------------------------------------------------------------------------------------------------------------------------------------------------------

Timing Summary Report

------------------------------------------------------------------------------------------------
| Timer Settings
| --------------
------------------------------------------------------------------------------------------------

  Enable Multi Corner Analysis               :  Yes
  Enable Pessimism Removal                   :  Yes
  Pessimism Removal Resolution               :  Nearest Common Node
  Enable Input Delay Default Clock           :  No
  Enable Preset / Clear Arcs                 :  No
  Disable Flight Delays                      :  No
  Ignore I/O Paths                           :  No
  Timing Early Launch at Borrowing Latches   :  No
  Borrow Time for Max Delay Exceptions       :  Yes
  Merge Timing Exceptions                    :  Yes

  Corner  Analyze    Analyze    
  Name    Max Paths  Min Paths  
  ------  ---------  ---------  
  Slow    Yes        Yes        
  Fast    Yes        Yes        


------------------------------------------------------------------------------------------------
| Report Methodology
| ------------------
------------------------------------------------------------------------------------------------

No report available as report_methodology has not been run prior. Run report_methodology on the current design for the summary of methodology violations.



check_timing report

Table of Contents
-----------------
1. checking no_clock (0)
2. checking constant_clock (0)
3. checking pulse_width_clock (0)
4. checking unconstrained_internal_endpoints (0)
5. checking no_input_delay (0)
6. checking no_output_delay (0)
7. checking multiple_clock (0)
8. checking generated_clocks (0)
9. checking loops (0)
10. checking partial_input_delay (0)
11. checking partial_output_delay (0)
12. checking latch_loops (0)

1. checking no_clock (0)
------------------------
 There are 0 register/latch pins with no clock.


2. checking constant_clock (0)
------------------------------
 There are 0 register/latch pins with constant_clock.


3. checking pulse_width_clock (0)
---------------------------------
 There are 0 register/latch pins which need pulse_width check


4. checking unconstrained_internal_endpoints (0)
------------------------------------------------
 There are 0 pins that are not constrained for maximum delay.

 There are 0 pins that are not constrained for maximum delay due to constant clock.


5. checking no_input_delay (0)
------------------------------
 There are 0 input ports with no input delay specified.

 There are 0 input ports with no input delay but user has a false path constraint.


6. checking no_output_delay (0)
-------------------------------
 There are 0 ports with no output delay specified.

 There are 0 ports with no output delay but user has a false path constraint

 There are 0 ports with no output delay but with a timing clock defined on it or propagating through it


7. checking multiple_clock (0)
------------------------------
 There are 0 register/latch pins with multiple clocks.


8. checking generated_clocks (0)
--------------------------------
 There are 0 generated clocks that are not connected to a clock source.


9. checking loops (0)
---------------------
 There are 0 combinational loops in the design.


10. checking partial_input_delay (0)
------------------------------------
 There are 0 input ports with partial input delay specified.


11. checking partial_output_delay (0)
-------------------------------------
 There are 0 ports with partial output delay specified.


12. checking latch_loops (0)
----------------------------
 There are 0 combinational latch loops in the design through latch input



------------------------------------------------------------------------------------------------
| Design Timing Summary
| ---------------------
------------------------------------------------------------------------------------------------

    WNS(ns)      TNS(ns)  TNS Failing Endpoints  TNS Total Endpoints      WHS(ns)      THS(ns)  THS Failing Endpoints  THS Total Endpoints     WPWS(ns)     TPWS(ns)  TPWS Failing Endpoints  TPWS Total Endpoints  
    -------      -------  ---------------------  -------------------      -------      -------  ---------------------  -------------------     --------     --------  ----------------------  --------------------  
        inf        0.000                      0                    2          inf        0.000                      0                    2           NA           NA                      NA                    NA  


There are no user specified timing constraints.


------------------------------------------------------------------------------------------------
| Clock Summary
| -------------
------------------------------------------------------------------------------------------------


------------------------------------------------------------------------------------------------
| Intra Clock Table
| -----------------
------------------------------------------------------------------------------------------------

Clock             WNS(ns)      TNS(ns)  TNS Failing Endpoints  TNS Total Endpoints      WHS(ns)      THS(ns)  THS Failing Endpoints  THS Total Endpoints     WPWS(ns)     TPWS(ns)  TPWS Failing Endpoints  TPWS Total Endpoints  
-----             -------      -------  ---------------------  -------------------      -------      -------  ---------------------  -------------------     --------     --------  ----------------------  --------------------  


------------------------------------------------------------------------------------------------
| Inter Clock Table
| -----------------
------------------------------------------------------------------------------------------------

From Clock    To Clock          WNS(ns)      TNS(ns)  TNS Failing Endpoints  TNS Total Endpoints      WHS(ns)      THS(ns)  THS Failing Endpoints  THS Total Endpoints  
----------    --------          -------      -------  ---------------------  -------------------      -------      -------  ---------------------  -------------------  


------------------------------------------------------------------------------------------------
| Other Path Groups Table
| -----------------------
------------------------------------------------------------------------------------------------

Path Group    From Clock    To Clock          WNS(ns)      TNS(ns)  TNS Failing Endpoints  TNS Total Endpoints      WHS(ns)      THS(ns)  THS Failing Endpoints  THS Total Endpoints  
----------    ----------    --------          -------      -------  ---------------------  -------------------      -------      -------  ---------------------  -------------------  


------------------------------------------------------------------------------------------------
| User Ignored Path Table
| -----------------------
------------------------------------------------------------------------------------------------

Path Group    From Clock    To Clock    
----------    ----------    --------    


------------------------------------------------------------------------------------------------
| Unconstrained Path Table
| ------------------------
------------------------------------------------------------------------------------------------

Path Group    From Clock    To Clock    
----------    ----------    --------    
(none)                                    


------------------------------------------------------------------------------------------------
| Timing Details
| --------------
------------------------------------------------------------------------------------------------


--------------------------------------------------------------------------------------
Path Group:  (none)
From Clock:  
  To Clock:  

Max Delay             2 Endpoints
Min Delay             2 Endpoints
--------------------------------------------------------------------------------------


Max Delay Paths
--------------------------------------------------------------------------------------
Slack:                    inf
  Source:                 b
                            (input port)
  Destination:            sum
                            (output port)
  Path Group:             (none)
  Path Type:              Max at Slow Process Corner
  Data Path Delay:        10.202ns  (logic 5.086ns (49.854%)  route 5.116ns (50.146%))
  Logic Levels:           3  (IBUF=1 LUT2=1 OBUF=1)

    Location             Delay type                Incr(ns)  Path(ns)    Netlist Resource(s)
  -------------------------------------------------------------------    -------------------
    P15                                               0.000     0.000 r  b (IN)
                         net (fo=0)                   0.000     0.000    b
    P15                  IBUF (Prop_ibuf_I_O)         1.451     1.451 r  b_IBUF_inst/O
                         net (fo=2, routed)           2.178     3.629    b_IBUF
    SLICE_X43Y37         LUT2 (Prop_lut2_I0_O)        0.124     3.753 r  sum_OBUF_inst_i_1/O
                         net (fo=1, routed)           2.937     6.690    sum_OBUF
    F17                  OBUF (Prop_obuf_I_O)         3.511    10.202 r  sum_OBUF_inst/O
                         net (fo=0)                   0.000    10.202    sum
    F17                                                               r  sum (OUT)
  -------------------------------------------------------------------    -------------------

Slack:                    inf
  Source:                 b
                            (input port)
  Destination:            carry
                            (output port)
  Path Group:             (none)
  Path Type:              Max at Slow Process Corner
  Data Path Delay:        10.024ns  (logic 5.331ns (53.178%)  route 4.693ns (46.822%))
  Logic Levels:           3  (IBUF=1 LUT2=1 OBUF=1)

    Location             Delay type                Incr(ns)  Path(ns)    Netlist Resource(s)
  -------------------------------------------------------------------    -------------------
    P15                                               0.000     0.000 r  b (IN)
                         net (fo=0)                   0.000     0.000    b
    P15                  IBUF (Prop_ibuf_I_O)         1.451     1.451 r  b_IBUF_inst/O
                         net (fo=2, routed)           2.178     3.629    b_IBUF
    SLICE_X43Y37         LUT2 (Prop_lut2_I1_O)        0.152     3.781 r  carry_OBUF_inst_i_1/O
                         net (fo=1, routed)           2.515     6.296    carry_OBUF
    V16                  OBUF (Prop_obuf_I_O)         3.728    10.024 r  carry_OBUF_inst/O
                         net (fo=0)                   0.000    10.024    carry
    V16                                                               r  carry (OUT)
  -------------------------------------------------------------------    -------------------





Min Delay Paths
--------------------------------------------------------------------------------------
Slack:                    inf
  Source:                 a
                            (input port)
  Destination:            carry
                            (output port)
  Path Group:             (none)
  Path Type:              Min at Fast Process Corner
  Data Path Delay:        2.935ns  (logic 1.557ns (53.053%)  route 1.378ns (46.947%))
  Logic Levels:           3  (IBUF=1 LUT2=1 OBUF=1)

    Location             Delay type                Incr(ns)  Path(ns)    Netlist Resource(s)
  -------------------------------------------------------------------    -------------------
    G15                                               0.000     0.000 r  a (IN)
                         net (fo=0)                   0.000     0.000    a
    G15                  IBUF (Prop_ibuf_I_O)         0.220     0.220 r  a_IBUF_inst/O
                         net (fo=2, routed)           0.667     0.887    a_IBUF
    SLICE_X43Y37         LUT2 (Prop_lut2_I0_O)        0.048     0.935 r  carry_OBUF_inst_i_1/O
                         net (fo=1, routed)           0.711     1.647    carry_OBUF
    V16                  OBUF (Prop_obuf_I_O)         1.289     2.935 r  carry_OBUF_inst/O
                         net (fo=0)                   0.000     2.935    carry
    V16                                                               r  carry (OUT)
  -------------------------------------------------------------------    -------------------

Slack:                    inf
  Source:                 a
                            (input port)
  Destination:            sum
                            (output port)
  Path Group:             (none)
  Path Type:              Min at Fast Process Corner
  Data Path Delay:        2.969ns  (logic 1.478ns (49.772%)  route 1.491ns (50.228%))
  Logic Levels:           3  (IBUF=1 LUT2=1 OBUF=1)

    Location             Delay type                Incr(ns)  Path(ns)    Netlist Resource(s)
  -------------------------------------------------------------------    -------------------
    G15                                               0.000     0.000 r  a (IN)
                         net (fo=0)                   0.000     0.000    a
    G15                  IBUF (Prop_ibuf_I_O)         0.220     0.220 r  a_IBUF_inst/O
                         net (fo=2, routed)           0.667     0.887    a_IBUF
    SLICE_X43Y37         LUT2 (Prop_lut2_I1_O)        0.045     0.932 r  sum_OBUF_inst_i_1/O
                         net (fo=1, routed)           0.824     1.757    sum_OBUF
    F17                  OBUF (Prop_obuf_I_O)         1.212     2.969 r  sum_OBUF_inst/O
                         net (fo=0)                   0.000     2.969    sum
    F17                                                               r  sum (OUT)
  -------------------------------------------------------------------    -------------------





